Build started 21/03/2014 3:58:52 PM.
     1>Project "C:\Users\Greg\Documents\GitHub\RTTrPListener\RTTrPListener\RTTrPListener.vcxproj" on node 2 (Build target(s)).
     1>ClCompile:
         C:\Program Files (x86)\Microsoft Visual Studio 12.0\VC\bin\CL.exe /c /ZI /nologo /W3 /WX- /Od /Oy- /D WIN32 /D _DEBUG /D _CONSOLE /D _WINDLL /D _UNICODE /D UNICODE /Gm /EHsc /RTC1 /MDd /GS /fp:precise /Zc:wchar_t /Zc:forScope /Fo"Debug\\" /Fd"Debug\vc120.pdb" /Gd /TP /analyze- /errorReport:prompt RTTrPListener.cpp
         RTTrPListener.cpp
         Please define _WIN32_WINNT or _WIN32_WINDOWS appropriately. For example:
         - add -D_WIN32_WINNT=0x0501 to the compiler command line; or
         - add _WIN32_WINNT=0x0501 to your project's Preprocessor Definitions.
         Assuming _WIN32_WINNT=0x0501 (i.e. Windows XP target).
     1>c:\users\greg\documents\github\rttrplistener\rttrplistener\rttrplistener.cpp(17): error C2512: 'boost::asio::basic_datagram_socket<boost::asio::ip::udp,boost::asio::datagram_socket_service<Protocol>>' : no appropriate default constructor available
                 with
                 [
                     Protocol=boost::asio::ip::udp
                 ]
     1>c:\users\greg\documents\github\rttrplistener\rttrplistener\rttrplistener.cpp(17): warning C4413: 'Receiver::listen_address' : reference member is initialized to a temporary that doesn't persist after the constructor exits
                 c:\users\greg\documents\github\rttrplistener\rttrplistener\rttrplistener.cpp(65) : see declaration of 'Receiver::listen_address'
     1>c:\users\greg\documents\github\rttrplistener\rttrplistener\rttrplistener.cpp(17): warning C4413: 'Receiver::multicast_address' : reference member is initialized to a temporary that doesn't persist after the constructor exits
                 c:\users\greg\documents\github\rttrplistener\rttrplistener\rttrplistener.cpp(66) : see declaration of 'Receiver::multicast_address'
     1>Done Building Project "C:\Users\Greg\Documents\GitHub\RTTrPListener\RTTrPListener\RTTrPListener.vcxproj" (Build target(s)) -- FAILED.

Build FAILED.

Time Elapsed 00:00:01.34
